1635230084977:all
1635230114725:get_all
1635230824585:add name Harry_Potter author Pushkin genre Fantazy
1635230830004:all
1635231403227:add name Harry_Potter author Pushkin genre Fantazy
1635231408108:all
1635231422007:add name Harry_Potter2 author Pushkin genre Fantazy
1635231476518:add name Mednyi_Vsadnik author Pushkin genre Fantazy
1635231809073:add name Harry_Potter author Pushkin genre Fantazy
1635231821975:add name Harry_Potter2 author Pushkin genre Fantazy
1635231824378:all
1635232195541:add name Harry_Potter author Pushkin genre Fantazy
1635232203826:add name Harry_Potter2 author Pushkin genre Fantazy
1635232205726:all
1635233243306:add name Harry_Potter author Pushkin genre Fantazy
1635233251770:add name Harry_Potter2 author Pushkin genre Fantazy
1635233254618:all
1635233302054:add name Harry_Potter author Pushkin genre Fantazy
1635233310404:add name Harry_Potter2 author Pushkin genre Fantazy
1635233312571:all
1635233578784:add name Harry_Potter author Pushkin genre Fantazy
1635233585722:add name Harry_Potter2 author Pushkin genre Fantazy
1635233624117:author name_author Pushkin
1635233693443:author Pushkin
1635234213236:add name Harry_Potter author Pushkin genre Fantazy
1635234236342:add name Harry_Potter2 author Pushkin genre Fantazy
1635234239133:all
1635234314121:add name Harry_Potter author Pushkin genre Fantazy
1635234323302:add name Harry_Potter2 author Pushkin genre Fantazy
1635234326144:all
1635234351088:add name Harry_Potter2 author Pushkin genre Fantazy
1635234358889:add name Harry_Potter author Pushkin genre Fantazy
1635234360593:all
1635234451492:add name Harry_Potter author Pushkin genre Fantazy
1635234459839:all
1635234553065:add name Harry_Potter author Pushkin genre Fantazy
1635234554574:all
1635235022323:add name Harry_Potter author Pushkin genre Fantazy
1635235030929:add name Harry_Potter2 author Pushkin genre Fantazy
1635235033270:all
1635235225898:add name Harry_Potter author Pushkin genre Fantazy
1635235236015:add name Harry_Potter2 author Pushkin genre Fantazy
1635235239565:all
1635238845642:add name Harry_Potter author Pushkin genre Fantazy
1635238855973:author Pushkin
1635239580455:add name Harry_Potter author Pushkin genre Fantazy
1635239593109:genre Fantazy
1635239685483:add name Harry_Potter author Pushkin genre Fantazy
1635239695749:genre Fantazy
1635259264768:add name Harry_Potter author Pushkin genre Fantazy
1635261565547:all
1635269998359:genre F
1635270011678:add name Harry_Potter author Pushkin genre Fantazy
1635270023474:genre Fantazy
1635270327084:add name Harry_Potter author Pushkin genre Fantazy
1635270330364:er
1635270335988:genre er
1635271382443:add name Harry_Potter author Pushkin genre Fantazy
1635271394727:add name Harry_Potter2 author Pushkin genre Fantazy
1635271397126:all
1635271443781:add name Harry_Potter author Pushkin genre Fantazy
1635271451787:add name Harry_Potter2 author Pushkin genre Fantazy
1635271453504:all
1635271532251:add name Harry_Potter author Pushkin genre Fantazy
1635271541867:add name Harry_Potter2 author Pushkin genre Fantazy
1635524607957:add Potter Roling Fantazy
1635524625947:all
1635525459705:add Pottr r e
1635525462026:all
1635525465899:id 1
1635525902727:add P P P
1635525905467:all
1635525910359:id 1
1635526223619:add P P P
1635526225709:all
1635526229426:id 1
1635526250857:add P P P
1635526253335:all
1635526257602:id 1
1635526334579:add P P P
1635526337657:all
1635526340137:id 1
1635526422867:add P P P
1635526424443:all
1635526426792:id 1
1635605574579:all
1635605581085:add P P P
1635605583486:all
1635607350651:add P P P
1635607370282:all
1635607395943:add P P P
1635607426405:all
1635607439185:add P P P
1635607827419:all
1635607858316:add P P P
1635607859704:all
1635607873430:id 1
1635678604411:all
1635678622604:add Harry_Potter Roaling Fantazy
1635678625033:all
1635678653546:genre Fantazy
1635678786912:add P P P
1635678788668:all
1635678792494:genre P
1636286982828:add P P P
1636286991980:add P2 P2 P
1636287002240:add P3 P3 F
1636287012723:genre P
1636287053876:stacktrace
1636287147005:genre P
1636287189185:add p P P
1636287193875:add P p P
1636287198453:genre P
1636287220974:add P P P
1636287225614:genre P
1636287416052:add P P P
1636287422432:add P1 P1 p
1636287427449:genre P
1636287448150:add P3 P3 P
1636287452041:genre P
1636287495760:add P P P
1636287501067:add P1 P1 P
1636287504717:genre P
1636654574530:help
1636655676059:add
1637161013674:all
1637161575391:фдд
1637161577577:all
